
> tainan-guardian-net@0.1.0 dev
> vite --host 127.0.0.1

Port 5173 is in use, trying another one...

  [32m[1mVITE[22m v6.4.3[39m  [2mready in [0m[1m302[22m[2m[0m ms[22m

  [32m➜[39m  [1mLocal[22m:   [36mhttp://127.0.0.1:[1m5174[22m/[39m
[2m下午7:21:40[22m [36m[1m[vite][22m[39m [90m[2m(client)[22m[39m [32mpage reload [39m[2msrc/types.ts[22m
[2m下午7:24:23[22m [36m[1m[vite][22m[39m [90m[2m(client)[22m[39m [32mhmr update [39m[2m/src/contexts/ShelterContext.tsx, /src/index.css[22m
[2m下午7:24:23[22m [36m[1m[vite][22m[39m [90m[2m(client)[22m[39m [33mhmr invalidate [39m[2m/src/contexts/ShelterContext.tsx[22m Could not Fast Refresh ("getClientId" export is incompatible). Learn more at https://github.com/vitejs/vite-plugin-react/tree/main/packages/plugin-react#consistent-components-exports
[2m下午7:24:23[22m [36m[1m[vite][22m[39m [90m[2m(client)[22m[39m [32mhmr update [39m[2m/src/App.tsx, /src/index.css, /src/pages/ShelterDetailPage.tsx, /src/contexts/MeshContext.tsx, /src/pages/HomePage.tsx, /src/pages/ReportPage.tsx, /src/pages/RescueCenterPage.tsx, /src/pages/RoutePage.tsx, /src/pages/MeshPage.tsx, /src/components/Map/LocationPicker.tsx, /src/components/Map/MapLegend.tsx, /src/components/Map/RoutePlanMap.tsx, /src/components/Map/ShelterMap.tsx, /src/components/Map/FloodOverlay.tsx, /src/components/Map/BuildingLayer.tsx, /src/components/Map/FloodSensorOverlay.tsx, /src/components/Map/ReportOverlay.tsx[22m
[2m下午7:24:24[22m [36m[1m[vite][22m[39m [90m[2m(client)[22m[39m [33mhmr invalidate [39m[2m/src/contexts/MeshContext.tsx[22m Could not Fast Refresh ("useMesh" export is incompatible). Learn more at https://github.com/vitejs/vite-plugin-react/tree/main/packages/plugin-react#consistent-components-exports
[2m下午7:24:24[22m [36m[1m[vite][22m[39m [90m[2m(client)[22m[39m [32mhmr update [39m[2m/src/App.tsx, /src/index.css, /src/pages/ShelterDetailPage.tsx, /src/pages/ReportPage.tsx, /src/pages/MeshPage.tsx, /src/components/NotificationBell.tsx, /src/components/Map/ReportOverlay.tsx[22m
[2m下午7:24:30[22m [36m[1m[vite][22m[39m [90m[2m(client)[22m[39m [32mhmr update [39m[2m/src/index.css, /src/pages/ShelterDetailPage.tsx, /src/pages/HomePage.tsx, /src/pages/RoutePage.tsx, /src/components/Map/LocationPicker.tsx, /src/components/Map/MapLegend.tsx, /src/components/Map/RoutePlanMap.tsx, /src/components/Map/ShelterMap.tsx[22m
[2m下午7:25:19[22m [36m[1m[vite][22m[39m [90m[2m(client)[22m[39m [32mhmr update [39m[2m/src/pages/HomePage.tsx, /src/index.css[22m
[2m下午7:26:19[22m [36m[1m[vite][22m[39m [90m[2m(client)[22m[39m [32mpage reload [39m[2msrc/components/ShelterCard/ShelterCard.tsx[22m
[2m下午7:26:57[22m [36m[1m[vite][22m[39m [90m[2m(client)[22m[39m [32mhmr update [39m[2m/src/pages/ShelterDetailPage.tsx, /src/index.css[22m
[2m下午7:27:11[22m [36m[1m[vite][22m[39m [90m[2m(client)[22m[39m [32mhmr update [39m[2m/src/i18n.tsx, /src/index.css[22m
[2m下午7:27:11[22m [36m[1m[vite][22m[39m [90m[2m(client)[22m[39m [33mhmr invalidate [39m[2m/src/i18n.tsx[22m Could not Fast Refresh ("LANGS" export is incompatible). Learn more at https://github.com/vitejs/vite-plugin-react/tree/main/packages/plugin-react#consistent-components-exports
[2m下午7:27:11[22m [36m[1m[vite][22m[39m [90m[2m(client)[22m[39m [32mhmr update [39m[2m/src/App.tsx, /src/index.css, /src/components/BottomNav.tsx, /src/pages/ShelterDetailPage.tsx, /src/components/PwaBanner.tsx, /src/components/HelpFab.tsx, /src/components/Header.tsx, /src/components/NameGate.tsx, /src/contexts/MeshContext.tsx, /src/pages/HomePage.tsx, /src/pages/ReportPage.tsx, /src/pages/RescueCenterPage.tsx, /src/pages/RoutePage.tsx, /src/pages/MeshPage.tsx, /src/components/NotificationBell.tsx, /src/components/ShelterCard/StatusBadge.tsx, /src/components/RiskPanel.tsx, /src/components/Map/MeshMap.tsx, /src/components/Sos/SosComposer.tsx, /src/components/Map/LocationPicker.tsx, /src/components/Report/ReportThreadCard.tsx, /src/components/Map/MapLegend.tsx, /src/components/Mesh/SosBoard.tsx, /src/components/Map/ShelterMap.tsx, /src/components/Map/LocationSearch.tsx, /src/components/Map/FloodOverlay.tsx, /src/components/Map/RiskOverlay.tsx, /src/components/Map/ShelterMarker.tsx, /src/components/Map/FloodSensorOverlay.tsx, /src/components/Map/ReportOverlay.tsx, /src/components/Map/FloodFacilityOverlay.tsx, /src/components/Report/ReportCard.tsx[22m
[2m下午7:27:11[22m [36m[1m[vite][22m[39m [90m[2m(client)[22m[39m [33mhmr invalidate [39m[2m/src/contexts/MeshContext.tsx[22m Could not Fast Refresh ("useMesh" export is incompatible). Learn more at https://github.com/vitejs/vite-plugin-react/tree/main/packages/plugin-react#consistent-components-exports
[2m下午7:27:11[22m [36m[1m[vite][22m[39m [90m[2m(client)[22m[39m [32mhmr update [39m[2m/src/App.tsx, /src/index.css, /src/pages/ShelterDetailPage.tsx, /src/pages/ReportPage.tsx, /src/pages/MeshPage.tsx, /src/components/NotificationBell.tsx, /src/components/Map/ReportOverlay.tsx[22m
[2m下午7:27:11[22m [36m[1m[vite][22m[39m [90m[2m(client)[22m[39m [33mhmr invalidate [39m[2m/src/components/Map/RiskOverlay.tsx[22m Could not Fast Refresh ("formatReasons" export is incompatible). Learn more at https://github.com/vitejs/vite-plugin-react/tree/main/packages/plugin-react#consistent-components-exports
[2m下午7:27:11[22m [36m[1m[vite][22m[39m [90m[2m(client)[22m[39m [32mhmr update [39m[2m/src/index.css, /src/components/RiskPanel.tsx, /src/components/Map/ShelterMap.tsx[22m
[2m下午7:27:11[22m [36m[1m[vite][22m[39m [90m[2m(client)[22m[39m [33mhmr invalidate [39m[2m/src/components/Map/FloodFacilityOverlay.tsx[22m Could not Fast Refresh ("FACILITY_META" export is incompatible). Learn more at https://github.com/vitejs/vite-plugin-react/tree/main/packages/plugin-react#consistent-components-exports
[2m下午7:27:11[22m [36m[1m[vite][22m[39m [90m[2m(client)[22m[39m [32mhmr update [39m[2m/src/index.css, /src/components/Map/MapLegend.tsx, /src/components/Map/ShelterMap.tsx[22m
[2m下午7:27:34[22m [36m[1m[vite][22m[39m [90m[2m(client)[22m[39m [32mhmr update [39m[2m/src/i18n.tsx, /src/index.css[22m
[2m下午7:27:35[22m [36m[1m[vite][22m[39m [90m[2m(client)[22m[39m [33mhmr invalidate [39m[2m/src/i18n.tsx[22m Could not Fast Refresh ("LANGS" export is incompatible). Learn more at https://github.com/vitejs/vite-plugin-react/tree/main/packages/plugin-react#consistent-components-exports
[2m下午7:27:35[22m [36m[1m[vite][22m[39m [90m[2m(client)[22m[39m [32mhmr update [39m[2m/src/App.tsx, /src/index.css, /src/components/BottomNav.tsx, /src/pages/ShelterDetailPage.tsx, /src/components/PwaBanner.tsx, /src/components/HelpFab.tsx, /src/components/Header.tsx, /src/components/NameGate.tsx, /src/contexts/MeshContext.tsx, /src/pages/HomePage.tsx, /src/pages/ReportPage.tsx, /src/pages/RescueCenterPage.tsx, /src/pages/RoutePage.tsx, /src/pages/MeshPage.tsx, /src/components/NotificationBell.tsx, /src/components/ShelterCard/StatusBadge.tsx, /src/components/RiskPanel.tsx, /src/components/Map/MeshMap.tsx, /src/components/Sos/SosComposer.tsx, /src/components/Map/LocationPicker.tsx, /src/components/Report/ReportThreadCard.tsx, /src/components/Map/MapLegend.tsx, /src/components/Mesh/SosBoard.tsx, /src/components/Map/ShelterMap.tsx, /src/components/Map/LocationSearch.tsx, /src/components/Map/FloodOverlay.tsx, /src/components/Map/RiskOverlay.tsx, /src/components/Map/ShelterMarker.tsx, /src/components/Map/FloodSensorOverlay.tsx, /src/components/Map/ReportOverlay.tsx, /src/components/Map/FloodFacilityOverlay.tsx, /src/components/Report/ReportCard.tsx[22m
[2m下午7:27:35[22m [36m[1m[vite][22m[39m [90m[2m(client)[22m[39m [33mhmr invalidate [39m[2m/src/contexts/MeshContext.tsx[22m Could not Fast Refresh ("useMesh" export is incompatible). Learn more at https://github.com/vitejs/vite-plugin-react/tree/main/packages/plugin-react#consistent-components-exports
[2m下午7:27:35[22m [36m[1m[vite][22m[39m [90m[2m(client)[22m[39m [32mhmr update [39m[2m/src/App.tsx, /src/index.css, /src/pages/ShelterDetailPage.tsx, /src/pages/ReportPage.tsx, /src/pages/MeshPage.tsx, /src/components/NotificationBell.tsx, /src/components/Map/ReportOverlay.tsx[22m
[2m下午7:27:35[22m [36m[1m[vite][22m[39m [90m[2m(client)[22m[39m [33mhmr invalidate [39m[2m/src/components/Map/RiskOverlay.tsx[22m Could not Fast Refresh ("formatReasons" export is incompatible). Learn more at https://github.com/vitejs/vite-plugin-react/tree/main/packages/plugin-react#consistent-components-exports
[2m下午7:27:35[22m [36m[1m[vite][22m[39m [90m[2m(client)[22m[39m [32mhmr update [39m[2m/src/index.css, /src/components/RiskPanel.tsx, /src/components/Map/ShelterMap.tsx[22m
[2m下午7:27:35[22m [36m[1m[vite][22m[39m [90m[2m(client)[22m[39m [33mhmr invalidate [39m[2m/src/components/Map/FloodFacilityOverlay.tsx[22m Could not Fast Refresh ("FACILITY_META" export is incompatible). Learn more at https://github.com/vitejs/vite-plugin-react/tree/main/packages/plugin-react#consistent-components-exports
[2m下午7:27:35[22m [36m[1m[vite][22m[39m [90m[2m(client)[22m[39m [32mhmr update [39m[2m/src/index.css, /src/components/Map/MapLegend.tsx, /src/components/Map/ShelterMap.tsx[22m
[2m下午7:27:48[22m [36m[1m[vite][22m[39m [90m[2m(client)[22m[39m [32mhmr update [39m[2m/src/contexts/ShelterContext.tsx, /src/index.css, /src/pages/ShelterDetailPage.tsx, /src/pages/HomePage.tsx, /src/pages/RoutePage.tsx, /src/components/Map/LocationPicker.tsx, /src/components/Map/MapLegend.tsx, /src/components/Map/RoutePlanMap.tsx, /src/components/Map/ShelterMap.tsx[22m
[2m下午7:27:48[22m [36m[1m[vite][22m[39m [90m[2m(client)[22m[39m [33mhmr invalidate [39m[2m/src/contexts/ShelterContext.tsx[22m Could not Fast Refresh ("getClientId" export is incompatible). Learn more at https://github.com/vitejs/vite-plugin-react/tree/main/packages/plugin-react#consistent-components-exports
[2m下午7:27:48[22m [36m[1m[vite][22m[39m [90m[2m(client)[22m[39m [32mhmr update [39m[2m/src/App.tsx, /src/index.css, /src/pages/ShelterDetailPage.tsx, /src/contexts/MeshContext.tsx, /src/pages/HomePage.tsx, /src/pages/ReportPage.tsx, /src/pages/RescueCenterPage.tsx, /src/pages/RoutePage.tsx, /src/pages/MeshPage.tsx, /src/components/Map/LocationPicker.tsx, /src/components/Map/MapLegend.tsx, /src/components/Map/RoutePlanMap.tsx, /src/components/Map/ShelterMap.tsx, /src/components/Map/FloodOverlay.tsx, /src/components/Map/BuildingLayer.tsx, /src/components/Map/FloodSensorOverlay.tsx, /src/components/Map/ReportOverlay.tsx[22m
[2m下午7:28:09[22m [36m[1m[vite][22m[39m [90m[2m(client)[22m[39m [32mhmr update [39m[2m/src/pages/HomePage.tsx, /src/index.css[22m
[2m下午7:28:40[22m [36m[1m[vite][22m[39m [90m[2m(client)[22m[39m [32mpage reload [39m[2msrc/components/ShelterCard/ShelterCard.tsx[22m
[2m下午7:28:51[22m [36m[1m[vite][22m[39m [90m[2m(client)[22m[39m [32mhmr update [39m[2m/src/pages/ShelterDetailPage.tsx, /src/index.css[22m
[2m下午7:29:11[22m [36m[1m[vite][22m[39m [90m[2m(client)[22m[39m [32mhmr update [39m[2m/src/pages/HomePage.tsx, /src/index.css[22m
[2m下午7:29:25[22m [36m[1m[vite][22m[39m [90m[2m(client)[22m[39m [32mhmr update [39m[2m/src/pages/ShelterDetailPage.tsx, /src/index.css[22m
[2m下午7:29:51[22m [36m[1m[vite][22m[39m [90m[2m(client)[22m[39m [32mhmr update [39m[2m/src/i18n.tsx, /src/index.css[22m
[2m下午7:29:51[22m [36m[1m[vite][22m[39m [90m[2m(client)[22m[39m [33mhmr invalidate [39m[2m/src/i18n.tsx[22m Could not Fast Refresh ("LANGS" export is incompatible). Learn more at https://github.com/vitejs/vite-plugin-react/tree/main/packages/plugin-react#consistent-components-exports
[2m下午7:29:51[22m [36m[1m[vite][22m[39m [90m[2m(client)[22m[39m [32mhmr update [39m[2m/src/App.tsx, /src/index.css, /src/components/BottomNav.tsx, /src/pages/ShelterDetailPage.tsx, /src/components/PwaBanner.tsx, /src/components/HelpFab.tsx, /src/components/Header.tsx, /src/components/NameGate.tsx, /src/contexts/MeshContext.tsx, /src/pages/HomePage.tsx, /src/pages/ReportPage.tsx, /src/pages/RescueCenterPage.tsx, /src/pages/RoutePage.tsx, /src/pages/MeshPage.tsx, /src/components/NotificationBell.tsx, /src/components/ShelterCard/StatusBadge.tsx, /src/components/RiskPanel.tsx, /src/components/Map/MeshMap.tsx, /src/components/Sos/SosComposer.tsx, /src/components/Map/LocationPicker.tsx, /src/components/Report/ReportThreadCard.tsx, /src/components/Map/MapLegend.tsx, /src/components/Mesh/SosBoard.tsx, /src/components/Map/ShelterMap.tsx, /src/components/Map/LocationSearch.tsx, /src/components/Map/FloodOverlay.tsx, /src/components/Map/RiskOverlay.tsx, /src/components/Map/ShelterMarker.tsx, /src/components/Map/FloodSensorOverlay.tsx, /src/components/Map/ReportOverlay.tsx, /src/components/Map/FloodFacilityOverlay.tsx, /src/components/Report/ReportCard.tsx[22m
[2m下午7:29:51[22m [36m[1m[vite][22m[39m [90m[2m(client)[22m[39m [33mhmr invalidate [39m[2m/src/contexts/MeshContext.tsx[22m Could not Fast Refresh ("useMesh" export is incompatible). Learn more at https://github.com/vitejs/vite-plugin-react/tree/main/packages/plugin-react#consistent-components-exports
[2m下午7:29:51[22m [36m[1m[vite][22m[39m [90m[2m(client)[22m[39m [32mhmr update [39m[2m/src/App.tsx, /src/index.css, /src/pages/ShelterDetailPage.tsx, /src/pages/ReportPage.tsx, /src/pages/MeshPage.tsx, /src/components/NotificationBell.tsx, /src/components/Map/ReportOverlay.tsx[22m
[2m下午7:29:51[22m [36m[1m[vite][22m[39m [90m[2m(client)[22m[39m [33mhmr invalidate [39m[2m/src/components/Map/RiskOverlay.tsx[22m Could not Fast Refresh ("formatReasons" export is incompatible). Learn more at https://github.com/vitejs/vite-plugin-react/tree/main/packages/plugin-react#consistent-components-exports
[2m下午7:29:51[22m [36m[1m[vite][22m[39m [90m[2m(client)[22m[39m [32mhmr update [39m[2m/src/index.css, /src/components/RiskPanel.tsx, /src/components/Map/ShelterMap.tsx[22m
[2m下午7:29:51[22m [36m[1m[vite][22m[39m [90m[2m(client)[22m[39m [33mhmr invalidate [39m[2m/src/components/Map/FloodFacilityOverlay.tsx[22m Could not Fast Refresh ("FACILITY_META" export is incompatible). Learn more at https://github.com/vitejs/vite-plugin-react/tree/main/packages/plugin-react#consistent-components-exports
[2m下午7:29:51[22m [36m[1m[vite][22m[39m [90m[2m(client)[22m[39m [32mhmr update [39m[2m/src/index.css, /src/components/Map/MapLegend.tsx, /src/components/Map/ShelterMap.tsx[22m
